
Scratch directory: /Users/pvjohnst/noprofits/blog/calcs/uvvis-pushpull/scratch/
   => Libint2 <=

    Primary   basis highest AM E, G, H:  7, 6, 3
    Auxiliary basis highest AM E, G, H:  7, 7, 4
    Onebody   basis highest AM E, G, H:  -, -, -
    Solid Harmonics ordering:            Gaussian

*** tstart() called on MacBookPro
*** at Sun Jul  5 15:45:32 2026

   => Loading Basis Set <=

    Name: DEF2-TZVP
    Role: ORBITAL
    Keyword: BASIS
    atoms 1-6   entry C          line   123 file /opt/homebrew/Caskroom/miniforge/base/envs/qchem/share/psi4/basis/def2-tzvp.gbs 
    atoms 7     entry N          line   156 file /opt/homebrew/Caskroom/miniforge/base/envs/qchem/share/psi4/basis/def2-tzvp.gbs 
    atoms 8-9   entry O          line   189 file /opt/homebrew/Caskroom/miniforge/base/envs/qchem/share/psi4/basis/def2-tzvp.gbs 
    atoms 10-14 entry H          line    15 file /opt/homebrew/Caskroom/miniforge/base/envs/qchem/share/psi4/basis/def2-tzvp.gbs 


         ---------------------------------------------------------
                                   SCF
               by Justin Turney, Rob Parrish, Andy Simmonett
                          and Daniel G. A. Smith
                              RKS Reference
                        9 Threads,  22888 MiB Core
         ---------------------------------------------------------

  ==> Geometry <==

    Molecular point group: c1
    Full point group: C1

    Geometry (in Angstrom), charge = 0, multiplicity = 1:

       Center              X                  Y                   Z               Mass       
    ------------   -----------------  -----------------  -----------------  -----------------
         C            1.378387348233    -0.000000034019    -0.000000003421    12.000000000000
         C            0.704562832693     1.222298025915     0.000000792263    12.000000000000
         C           -0.691252790353     1.214104575370    -0.000004032657    12.000000000000
         C           -1.387766398423     0.000000025075    -0.000010521668    12.000000000000
         C           -0.691252815240    -1.214104579798    -0.000004033030    12.000000000000
         C            0.704562861562    -1.222298087508     0.000000796298    12.000000000000
         N            2.858719167138    -0.000000107889    -0.000001356981    14.003074004430
         O            3.422575495001     1.082109585182    -0.000007723890    15.994914619570
         O            3.422575685909    -1.082109457001    -0.000007745464    15.994914619570
         H            1.279337047861     2.147984422547     0.000014199590     1.007825032230
         H           -1.237625101462     2.160074195095     0.000005117167     1.007825032230
         H           -2.480535208630     0.000000045293    -0.000004814634     1.007825032230
         H           -1.237625220136    -2.160074201587     0.000005117911     1.007825032230
         H            1.279337095847    -2.147984406674     0.000014208515     1.007825032230

  Running in c1 symmetry.

  Rotational constants: A =      0.13232  B =      0.02952  C =      0.02414 [cm^-1]
  Rotational constants: A =   3966.95893  B =    885.00558  C =    723.57924 [MHz]
  Nuclear repulsion =  411.710482457869830

  Charge       = 0
  Multiplicity = 1
  Electrons    = 64
  Nalpha       = 32
  Nbeta        = 32

  ==> Algorithm <==

  SCF Algorithm Type is DF.
  DIIS enabled.
  MOM disabled.
  Fractional occupation disabled.
  Guess Type is SAD.
  Energy threshold   = 1.00e-08
  Density threshold  = 1.00e-08
  Integral threshold = 1.00e-12

  ==> Primary Basis <==

  Basis Set: DEF2-TZVP
    Blend: DEF2-TZVP
    Number of shells: 119
    Number of basis functions: 309
    Number of Cartesian functions: 354
    Spherical Harmonics?: true
    Max angular momentum: 3

  ==> DFT Potential <==

   => LibXC <=

    Version 7.0.0
    S. Lehtola, C. Steigemann, M. J.T. Oliveira, and M. A.L. Marques.,  SoftwareX 7, 1–5 (2018) (10.1016/j.softx.2017.11.002)

   => Composite Functional: CAM-B3LYP <= 

    CAM-B3LYP Hyb-GGA Exchange-Correlation Functional

    T. Yanai, D. P. Tew, and N. C. Handy.,  Chem. Phys. Lett. 393, 51 (2004) (10.1016/j.cplett.2004.06.011)

    Deriv               =              1
    GGA                 =           TRUE
    Meta                =          FALSE

    Exchange Hybrid     =           TRUE
    MP2 Hybrid          =          FALSE

   => Exchange Functionals <=

    0.3500         Becke 88 [omega = 0.3300]
    0.4600   Short-range recipe for B88 functional - erf [omega = 0.3300]

   => Exact (HF) Exchange <=

    0.4600            HF,LR [omega = 0.3300]
    0.1900               HF 

   => Correlation Functionals <=

    0.1900   Vosko, Wilk & Nusair (VWN5)
    0.8100   Lee, Yang & Parr

   => LibXC Density Thresholds  <==

    XC_HYB_GGA_XC_CAM_B3LYP:  1.00E-14 

   => Molecular Quadrature <=

    Radial Scheme          =       TREUTLER
    Pruning Scheme         =           NONE
    Nuclear Scheme         =       TREUTLER

    Blocking Scheme        =         OCTREE
    BS radius alpha        =              1
    Pruning alpha          =              1
    Radial Points          =             75
    Spherical Points       =            302
    Total Points           =         295545
    Total Blocks           =           2276
    Max Points             =            256
    Max Functions          =            284
    Weights Tolerance      =       1.00E-15

   => Loading Basis Set <=

    Name: (DEF2-TZVP AUX)
    Role: JKFIT
    Keyword: DF_BASIS_SCF
    atoms 1-6   entry C          line   198 file /opt/homebrew/Caskroom/miniforge/base/envs/qchem/share/psi4/basis/def2-universal-jkfit.gbs 
    atoms 7     entry N          line   258 file /opt/homebrew/Caskroom/miniforge/base/envs/qchem/share/psi4/basis/def2-universal-jkfit.gbs 
    atoms 8-9   entry O          line   318 file /opt/homebrew/Caskroom/miniforge/base/envs/qchem/share/psi4/basis/def2-universal-jkfit.gbs 
    atoms 10-14 entry H          line    18 file /opt/homebrew/Caskroom/miniforge/base/envs/qchem/share/psi4/basis/def2-universal-jkfit.gbs 

  ==> Integral Setup <==

  DFHelper Memory: AOs need 1.546 GiB; user supplied 14.955 GiB. 
  SCF_SUBTYPE=INCORE selected. In-core MEM_DF algorithm will be used.
  Using in-core AOs.

  ==> MemDFJK: Density-Fitted J/K Matrices <==

    J tasked:                   Yes
    K tasked:                   Yes
    wK tasked:                  Yes
    Omega:                3.300E-01
    OpenMP threads:               9
    Memory [MiB]:             15314
    Algorithm:                 Core
    Schwarz Cutoff:           1E-12
    Mask sparsity (%):       7.8508
    Fitting Condition:        1E-10

   => Auxiliary Basis Set <=

  Basis Set: (DEF2-TZVP AUX)
    Blend: DEF2-UNIVERSAL-JKFIT
    Number of shells: 255
    Number of basis functions: 771
    Number of Cartesian functions: 913
    Spherical Harmonics?: true
    Max angular momentum: 4

  Cached 100.0% of DFT collocation blocks in 1.809 [GiB].

  Minimum eigenvalue in the overlap matrix is 9.7302237353E-06.
  Reciprocal condition number of the overlap matrix is 9.9283822493E-07.
    Using symmetric orthogonalization.

  ==> Pre-Iterations <==

  SCF Guess: Superposition of Atomic Densities via on-the-fly atomic UHF (no occupation information).

   -------------------------
    Irrep   Nso     Nmo    
   -------------------------
     A        309     309 
   -------------------------
    Total     309     309
   -------------------------

  ==> Iterations <==

                           Total Energy        Delta E     RMS |[F,P]|

   @DF-RKS iter SAD:  -436.22201686360785   -4.36222e+02   0.00000e+00 
   @DF-RKS iter   1:  -436.29980277609468   -7.77859e-02   3.20509e-03 DIIS/ADIIS
   @DF-RKS iter   2:  -436.21370838523035    8.60944e-02   3.76151e-03 DIIS/ADIIS
   @DF-RKS iter   3:  -436.70676710531910   -4.93059e-01   5.97032e-04 DIIS/ADIIS
   @DF-RKS iter   4:  -436.71851357693163   -1.17465e-02   2.03093e-04 DIIS/ADIIS
   @DF-RKS iter   5:  -436.72006183826585   -1.54826e-03   5.06523e-05 DIIS
   @DF-RKS iter   6:  -436.72016031637185   -9.84781e-05   1.21654e-05 DIIS
   @DF-RKS iter   7:  -436.72016639491352   -6.07854e-06   2.93721e-06 DIIS
   @DF-RKS iter   8:  -436.72016684010862   -4.45195e-07   1.75548e-06 DIIS
   @DF-RKS iter   9:  -436.72016702624632   -1.86138e-07   2.77652e-07 DIIS
   @DF-RKS iter  10:  -436.72016703553498   -9.28867e-09   7.09994e-08 DIIS
   @DF-RKS iter  11:  -436.72016703619875   -6.63761e-10   3.38989e-08 DIIS
   @DF-RKS iter  12:  -436.72016703627020   -7.14522e-11   1.29038e-08 DIIS
   @DF-RKS iter  13:  -436.72016703628282   -1.26192e-11   5.36817e-09 DIIS
  Energy and wave function converged.


  ==> Post-Iterations <==

   Electrons on quadrature grid:
      Ntotal   =   64.0000015152 ; deviation = 1.515e-06 

    Orbital Energies [Eh]
    ---------------------

    Doubly Occupied:                                                      

       1A    -19.239204     2A    -19.239185     3A    -14.639724  
       4A    -10.322829     5A    -10.287217     6A    -10.287191  
       7A    -10.285534     8A    -10.282560     9A    -10.282503  
      10A     -1.324833    11A     -1.147974    12A     -0.981769  
      13A     -0.895510    14A     -0.861025    15A     -0.786549  
      16A     -0.715274    17A     -0.679120    18A     -0.647093  
      19A     -0.622582    20A     -0.596477    21A     -0.589338  
      22A     -0.549918    23A     -0.541136    24A     -0.522427  
      25A     -0.470886    26A     -0.461367    27A     -0.441723  
      28A     -0.388286    29A     -0.387386    30A     -0.374495  
      31A     -0.346531    32A     -0.342228  

    Virtual:                                                              

      33A     -0.054094    34A      0.002830    35A      0.036295  
      36A      0.071473    37A      0.103263    38A      0.111634  
      39A      0.129088    40A      0.145560    41A      0.148760  
      42A      0.177881    43A      0.199817    44A      0.205145  
      45A      0.224997    46A      0.228693    47A      0.248295  
      48A      0.253277    49A      0.267460    50A      0.271023  
      51A      0.275756    52A      0.289126    53A      0.295592  
      54A      0.317121    55A      0.351416    56A      0.355443  
      57A      0.361477    58A      0.374730    59A      0.379150  
      60A      0.398029    61A      0.402645    62A      0.421917  
      63A      0.435969    64A      0.439135    65A      0.444032  
      66A      0.445260    67A      0.458513    68A      0.463735  
      69A      0.489766    70A      0.496971    71A      0.516197  
      72A      0.522014    73A      0.532253    74A      0.541552  
      75A      0.548668    76A      0.550961    77A      0.584063  
      78A      0.587145    79A      0.614233    80A      0.660505  
      81A      0.672306    82A      0.685134    83A      0.687008  
      84A      0.695069    85A      0.704726    86A      0.717977  
      87A      0.743406    88A      0.773167    89A      0.779640  
      90A      0.782473    91A      0.785491    92A      0.834502  
      93A      0.838939    94A      0.854632    95A      0.871651  
      96A      0.894487    97A      0.909909    98A      0.921287  
      99A      0.981749   100A      1.020517   101A      1.044885  
     102A      1.045457   103A      1.047479   104A      1.062783  
     105A      1.116992   106A      1.139921   107A      1.140846  
     108A      1.178602   109A      1.191935   110A      1.199853  
     111A      1.242505   112A      1.251786   113A      1.253758  
     114A      1.305617   115A      1.306749   116A      1.325794  
     117A      1.333941   118A      1.335648   119A      1.407927  
     120A      1.417897   121A      1.440480   122A      1.460110  
     123A      1.490402   124A      1.496364   125A      1.514938  
     126A      1.519548   127A      1.553934   128A      1.579842  
     129A      1.590435   130A      1.643063   131A      1.647118  
     132A      1.660533   133A      1.666882   134A      1.701975  
     135A      1.723078   136A      1.735907   137A      1.737745  
     138A      1.739528   139A      1.758688   140A      1.791765  
     141A      1.818802   142A      1.862315   143A      1.865844  
     144A      1.877983   145A      1.944528   146A      1.982322  
     147A      1.984431   148A      2.019672   149A      2.051743  
     150A      2.063268   151A      2.102974   152A      2.113271  
     153A      2.120837   154A      2.135867   155A      2.167347  
     156A      2.177227   157A      2.214056   158A      2.214427  
     159A      2.222022   160A      2.248892   161A      2.278203  
     162A      2.322920   163A      2.329735   164A      2.377005  
     165A      2.453131   166A      2.476842   167A      2.532383  
     168A      2.536393   169A      2.586166   170A      2.588796  
     171A      2.602954   172A      2.637965   173A      2.638352  
     174A      2.640863   175A      2.686879   176A      2.687302  
     177A      2.698101   178A      2.710242   179A      2.716635  
     180A      2.735752   181A      2.760889   182A      2.774863  
     183A      2.794874   184A      2.796829   185A      2.802033  
     186A      2.850361   187A      2.855984   188A      2.862725  
     189A      2.863095   190A      2.902866   191A      2.904916  
     192A      2.907289   193A      2.960304   194A      2.995664  
     195A      3.003817   196A      3.015393   197A      3.018461  
     198A      3.097296   199A      3.117592   200A      3.129055  
     201A      3.136838   202A      3.165143   203A      3.175723  
     204A      3.178823   205A      3.210921   206A      3.222949  
     207A      3.234112   208A      3.240614   209A      3.273203  
     210A      3.283076   211A      3.297627   212A      3.326160  
     213A      3.341804   214A      3.356234   215A      3.383521  
     216A      3.391731   217A      3.405815   218A      3.406237  
     219A      3.466163   220A      3.476715   221A      3.498559  
     222A      3.510915   223A      3.527555   224A      3.545094  
     225A      3.567457   226A      3.616666   227A      3.660799  
     228A      3.725080   229A      3.729403   230A      3.776042  
     231A      3.787043   232A      3.829832   233A      3.868981  
     234A      3.929083   235A      3.980750   236A      4.003188  
     237A      4.027624   238A      4.040566   239A      4.069913  
     240A      4.091753   241A      4.124945   242A      4.143592  
     243A      4.202950   244A      4.215576   245A      4.216449  
     246A      4.224330   247A      4.270113   248A      4.285528  
     249A      4.285888   250A      4.308088   251A      4.332975  
     252A      4.401484   253A      4.572557   254A      4.619197  
     255A      4.620282   256A      4.661252   257A      4.685908  
     258A      4.700858   259A      4.710715   260A      4.756904  
     261A      4.778677   262A      4.865399   263A      4.878479  
     264A      4.952784   265A      4.967876   266A      4.995405  
     267A      5.053977   268A      5.125193   269A      5.143836  
     270A      5.196505   271A      5.215756   272A      5.231719  
     273A      5.243396   274A      5.244694   275A      5.375034  
     276A      5.383145   277A      5.384455   278A      5.456351  
     279A      5.481331   280A      5.519999   281A      5.644305  
     282A      5.674109   283A      5.808626   284A      5.854881  
     285A      6.043022   286A      6.300809   287A      6.349774  
     288A      6.396740   289A      6.458505   290A      6.494618  
     291A      6.498960   292A      6.806114   293A      6.922971  
     294A      6.948563   295A      7.006264   296A      7.193090  
     297A      7.342679   298A      7.492494   299A      7.541596  
     300A      7.585824   301A     22.148418   302A     22.558918  
     303A     22.574692   304A     22.711516   305A     22.806277  
     306A     23.177648   307A     32.560494   308A     44.105061  
     309A     44.117969  

    Final Occupation by Irrep:
              A 
    DOCC [    32 ]
    NA   [    32 ]
    NB   [    32 ]

  @DF-RKS Final Energy:  -436.72016703628282

   => Energetics <=

    Nuclear Repulsion Energy =            411.7104824578698299
    One-Electron Energy =               -1408.6096415309800705
    Two-Electron Energy =                 602.8000209923632156
    DFT Exchange-Correlation Energy =     -42.6210289555358273
    Empirical Dispersion Energy =           0.0000000000000000
    VV10 Nonlocal Energy =                  0.0000000000000000
    Total Energy =                       -436.7201670362828736

Computation Completed


Properties will be evaluated at   0.000000,   0.000000,   0.000000 [a0]

Properties computed using the SCF density matrix


 Multipole Moments:

 ------------------------------------------------------------------------------------
     Multipole            Electronic (a.u.)      Nuclear  (a.u.)        Total (a.u.)
 ------------------------------------------------------------------------------------

 L = 1.  Multiply by 2.5417464519 to convert [e a0] to [Debye]
 Dipole X            :       -138.8020195          136.9646633           -1.8373563
 Dipole Y            :          0.0000029           -0.0000002            0.0000027
 Dipole Z            :          0.0004003           -0.0003807            0.0000196
 Magnitude           :                                                    1.8373563

 ------------------------------------------------------------------------------------

*** tstop() called on MacBookPro at Sun Jul  5 15:45:42 2026
Module time:
	user time   =      62.12 seconds =       1.04 minutes
	system time =       1.48 seconds =       0.02 minutes
	total time  =         10 seconds =       0.17 minutes
Total time:
	user time   =     939.47 seconds =      15.66 minutes
	system time =      10.96 seconds =       0.18 minutes
	total time  =        130 seconds =       2.17 minutes

******************************************************************************************
**********                               WARNING                                **********
**********       The names of excited state variables changed between 1.5       **********
**********     and 1.6. For a quick solution, remove the symmetry specifier     **********
**********   from the variable name. For full details, see 'Notes on Psivars'   **********
**********                        in the documentation.                         **********
******************************************************************************************



         ---------------------------------------------------------
                         TDSCF excitation energies                
                 by Andrew M. James and Daniel G. A. Smith        
         ---------------------------------------------------------

  ==> Options <==

     Residual threshold  : 1.0000e-05
     Initial guess       : denominators
     Reference           : RHF
     Solver type         : RPA (Hamiltonian)


  ==> Requested Excitations <==

      12 singlet states with A symmetry


  ==> Seeking the lowest 12 singlet states with A symmetry

                        Generalized Hamiltonian Solver                       
                              By Andrew M. James                             

  ==> Options <==

    Max number of iterations        = 60   
    Eigenvector tolerance           = 1.0000e-05
    Max number of expansion vectors = 3000 

  => Iterations <=
                              Max[D[value]]     Max[|R|]   # vectors
  HamiltonianSolver iter   1:   2.96922e-01  3.56955e-01     48      
  HamiltonianSolver iter   2:   2.78610e-02  9.60851e-02     72      
  HamiltonianSolver iter   3:   7.02546e-03  1.00618e-01     96      
  HamiltonianSolver iter   4:   1.39980e-03  2.29308e-02    120      
  HamiltonianSolver iter   5:   1.05203e-04  6.11385e-03    144      
  HamiltonianSolver iter   6:   5.78573e-06  1.40330e-03    168      
  HamiltonianSolver iter   7:   1.18298e-04  1.27163e-01    190      
  HamiltonianSolver iter   8:   2.46759e-03  3.75198e-02    208      
  HamiltonianSolver iter   9:   2.47321e-04  9.14285e-03    216      
  HamiltonianSolver iter  10:   1.06192e-05  2.27703e-03    220      
  HamiltonianSolver iter  11:   4.52991e-07  5.48951e-04    222      
  HamiltonianSolver iter  12:   2.11328e-08  1.30881e-04    224      
  HamiltonianSolver iter  13:   1.08785e-09  3.16826e-05    226      
  HamiltonianSolver iter  14:   3.94317e-11  7.69768e-06    228      Converged

******************************************************************************************
**********                               WARNING                                **********
**********  Length-gauge rotatory strengths are **NOT** gauge-origin invariant  **********
******************************************************************************************

                                    Excitation Energy         Total Energy        Oscillator Strength             Rotatory Strength       
     #   Sym: GS->ES (Trans)        au              eV              au          au (length)    au (velocity)    au (length)    au (velocity) 
    ---- -------------------- --------------- --------------- --------------- --------------- --------------- --------------- ---------------
     1        A->A (1 A)       0.14781         4.02211        -436.57236       0.0000          0.0000          0.0000          0.0000        
     2        A->A (1 A)       0.16477         4.48355        -436.55540       0.0002          0.0001         -0.0000         -0.0000        
     3        A->A (1 A)       0.17843         4.85541        -436.54173       0.0182          0.0187          0.0000          0.0000        
     4        A->A (1 A)       0.19002         5.17084        -436.53014       0.2099          0.2116         -0.0000         -0.0000        
     5        A->A (1 A)       0.22893         6.22961        -436.49123       0.0021          0.0028          0.0000          0.0000        
     6        A->A (1 A)       0.24044         6.54283        -436.47972       0.1695          0.1668          0.0000          0.0000        
     7        A->A (1 A)       0.24289         6.60928        -436.47728       0.2742          0.2744         -0.0000         -0.0000        
     8        A->A (1 A)       0.26024         7.08161        -436.45992       0.0000          0.0000         -0.0000         -0.0000        
     9        A->A (1 A)       0.27846         7.57727        -436.44171       0.0002          0.0004         -0.0000         -0.0000        
     10       A->A (1 A)       0.28031         7.62771        -436.43985       0.2618          0.2621         -0.0000         -0.0000        
     11       A->A (1 A)       0.28109         7.64875        -436.43908       0.4674          0.4660          0.0000          0.0000        
     12       A->A (1 A)       0.28179         7.66783        -436.43838       0.0013          0.0008          0.0000          0.0000        



Contributing excitations and de-excitations
Only contributions with abs(coeff) > 1.00e-01 will be printed:

Excited State    1 (1 A):   0.14781 au   308.26 nm f = 0.0000
  Sums of squares: Xssq =  1.001476e+00; Yssq =  1.475562e-03; Xssq - Yssq =  1.000000e+00
     30a  ->  33a     0.945878 (89.468%)
     30a  ->  35a    -0.318676 (10.155%)

Excited State    2 (1 A):   0.16477 au   276.53 nm f = 0.0002
  Sums of squares: Xssq =  1.001532e+00; Yssq =  1.531588e-03; Xssq - Yssq =  1.000000e+00
     28a  ->  33a    -0.948564 (89.977%)
     28a  ->  35a     0.301484 ( 9.089%)

Excited State    3 (1 A):   0.17843 au   255.35 nm f = 0.0182
  Sums of squares: Xssq =  1.005425e+00; Yssq =  5.424677e-03; Xssq - Yssq =  1.000000e+00
     31a  ->  34a    -0.360956 (13.029%)
     32a  ->  33a    -0.922846 (85.165%)
     32a  ->  35a    -0.132934 ( 1.767%)

Excited State    4 (1 A):   0.19002 au   239.78 nm f = 0.2099
  Sums of squares: Xssq =  1.007637e+00; Yssq =  7.637318e-03; Xssq - Yssq =  1.000000e+00
     25a  ->  33a     0.114307 ( 1.307%)
     31a  ->  33a     0.967900 (93.683%)
     32a  ->  34a    -0.199208 ( 3.968%)

Excited State    5 (1 A):   0.22893 au   199.02 nm f = 0.0021
  Sums of squares: Xssq =  1.015382e+00; Yssq =  1.538219e-02; Xssq - Yssq =  1.000000e+00
     29a  ->  33a     0.588685 (34.655%)
     31a  ->  34a     0.661428 (43.749%)
     32a  ->  33a    -0.320482 (10.271%)
     32a  ->  35a     0.323372 (10.457%)

Excited State    6 (1 A):   0.24044 au   189.50 nm f = 0.1695
  Sums of squares: Xssq =  1.017663e+00; Yssq =  1.766262e-02; Xssq - Yssq =  1.000000e+00
     29a  ->  33a     0.785532 (61.706%)
     31a  ->  34a    -0.442019 (19.538%)
     32a  ->  33a     0.205810 ( 4.236%)
     32a  ->  35a    -0.356410 (12.703%)

Excited State    7 (1 A):   0.24289 au   187.59 nm f = 0.2742
  Sums of squares: Xssq =  1.012276e+00; Yssq =  1.227579e-02; Xssq - Yssq =  1.000000e+00
     25a  ->  33a     0.116230 ( 1.351%)
     31a  ->  33a     0.157900 ( 2.493%)
     31a  ->  35a    -0.383539 (14.710%)
     32a  ->  34a     0.895572 (80.205%)

Excited State    8 (1 A):   0.26024 au   175.08 nm f = 0.0000
  Sums of squares: Xssq =  1.000505e+00; Yssq =  5.051655e-04; Xssq - Yssq =  1.000000e+00
     27a  ->  33a     0.959485 (92.061%)
     27a  ->  35a     0.214204 ( 4.588%)

Excited State    9 (1 A):   0.27846 au   163.63 nm f = 0.0002
  Sums of squares: Xssq =  1.000240e+00; Yssq =  2.402019e-04; Xssq - Yssq =  1.000000e+00
     26a  ->  33a     0.424535 (18.023%)
     26a  ->  35a     0.106926 ( 1.143%)
     30a  ->  34a     0.881981 (77.789%)

Excited State   10 (1 A):   0.28031 au   162.54 nm f = 0.2618
  Sums of squares: Xssq =  1.018891e+00; Yssq =  1.889097e-02; Xssq - Yssq =  1.000000e+00
     25a  ->  33a     0.150126 ( 2.254%)
     31a  ->  33a    -0.127840 ( 1.634%)
     31a  ->  35a    -0.886515 (78.591%)
     32a  ->  34a    -0.383587 (14.714%)

Excited State   11 (1 A):   0.28109 au   162.10 nm f = 0.4674
  Sums of squares: Xssq =  1.019768e+00; Yssq =  1.976773e-02; Xssq - Yssq =  1.000000e+00
     29a  ->  33a     0.101001 ( 1.020%)
     31a  ->  34a    -0.477662 (22.816%)
     32a  ->  35a     0.859134 (73.811%)

Excited State   12 (1 A):   0.28179 au   161.69 nm f = 0.0013
  Sums of squares: Xssq =  1.000472e+00; Yssq =  4.715408e-04; Xssq - Yssq =  1.000000e+00
     26a  ->  33a    -0.770310 (59.338%)
     26a  ->  35a    -0.222065 ( 4.931%)
     28a  ->  33a     0.150396 ( 2.262%)
     28a  ->  35a     0.341195 (11.641%)
     30a  ->  34a     0.446148 (19.905%)


******************************************************************************************
**********                               WARNING                                **********
**********       The names of excited state variables changed between 1.5       **********
**********     and 1.6. For a quick solution, remove the symmetry specifier     **********
**********   from the variable name. For full details, see 'Notes on Psivars'   **********
**********                        in the documentation.                         **********
******************************************************************************************

